[21:26:04] [Server thread/INFO]: Starting minecraft server version 1.7.2
[21:26:04] [Server thread/INFO]: Loading properties
[21:26:04] [Server thread/INFO]: Default game type: SURVIVAL
[21:26:04] [Server thread/INFO]: Generating keypair
[21:26:04] [Server thread/INFO]: Starting Minecraft server on *:25565
[21:26:04] [Server thread/INFO]: This server is running CraftBukkit version git-Bukkit-1.7.2-R0.2-15-g2f3dbd3-b2995jnks (MC: 1.7.2) (Implementing API version 1.7.2-R0.3-SNAPSHOT)
[21:26:05] [Server thread/INFO]: [PermissionsEx] sql backend registered!
[21:26:05] [Server thread/INFO]: [PermissionsEx] file backend registered!
[21:26:05] [Server thread/INFO]: While loading BossCommandScheduler (plugins/BossEventScheduler.jar) renamed data folder: 'plugins/BossEventScheduler' to 'plugins/BossCommandScheduler'
[21:26:05] [Server thread/INFO]: [League of Minecraft] Loading League of Minecraft v0.2
[21:26:05] [Server thread/INFO]: [BetterAlias] Loading BetterAlias v1.4.2
[21:26:05] [Server thread/INFO]: [AdminCraft Panel] Loading AdminCraft Panel v1.5
[21:26:05] [Server thread/INFO]: [AutoAnswer] Loading AutoAnswer v1.2
[21:26:05] [Server thread/INFO]: [PermissionsEx] Loading PermissionsEx v1.20.4
[21:26:05] [Server thread/INFO]: [PermissionsEx] Initializing file backend
[21:26:05] [Server thread/INFO]: Permissions file successfully reloaded
[21:26:05] [Server thread/INFO]: [BarAPI] Loading BarAPI v3.0
[21:26:05] [Server thread/INFO]: [CreateYourOwnMenus] Loading CreateYourOwnMenus v0.5.6
[21:26:05] [Server thread/INFO]: [BossMessage] Loading BossMessage v1.4
[21:26:05] [Server thread/INFO]: [Essentials] Loading Essentials vPre2.13.1.2
[21:26:05] [Server thread/INFO]: [BossCommandScheduler] Loading BossCommandScheduler v1.0
[21:26:05] [Server thread/INFO]: [BossBroadcast] Loading BossBroadcast v1.1.3
[21:26:05] [Server thread/INFO]: Preparing level "world"
[21:26:05] [Server thread/INFO]: Preparing start region for level 0 (Seed: -3290062378900685011)
[21:26:05] [Thread-9/INFO]: ----- Bukkit Auto Updater -----
[21:26:05] [Thread-9/INFO]: It appears that you're running a Development Build, when you've specified in bukkit.yml that you prefer to run Recommended Builds.
[21:26:05] [Thread-9/INFO]: If you would like to be kept informed about new Development Build releases, it is recommended that you change 'preferred-channel' in your bukkit.yml to 'dev'.
[21:26:05] [Thread-9/INFO]: With that set, you will be told whenever a new version is available for download, so that you can always keep up to date and secure with the latest fixes.
[21:26:05] [Thread-9/INFO]: If you would like to disable this warning, simply set 'suggest-channels' to false in bukkit.yml.
[21:26:05] [Thread-9/INFO]: ----- ------------------- -----
[21:26:06] [Server thread/INFO]: Preparing start region for level 1 (Seed: -3290062378900685011)
[21:26:07] [Server thread/INFO]: Preparing spawn area: 56%
[21:26:08] [Server thread/INFO]: Preparing spawn area: 82%
[21:26:08] [Server thread/INFO]: Preparing start region for level 2 (Seed: -3290062378900685011)
[21:26:08] [Server thread/INFO]: [League of Minecraft] Enabling League of Minecraft v0.2
[21:26:08] [Server thread/INFO]: [BetterAlias] Enabling BetterAlias v1.4.2
[21:26:08] [Server thread/WARN]: [BetterAlias] No aliases found in aliases.yml
[21:26:08] [Server thread/INFO]: [AdminCraft Panel] Enabling AdminCraft Panel v1.5
[21:26:09] [Server thread/INFO]: [AdminCraft Panel] Login successful.
[21:26:09] [Server thread/INFO]: [AutoAnswer] Enabling AutoAnswer v1.2
[21:26:09] [Server thread/INFO]: [AutoAnswer] AutoAnswer Enabled!
[21:26:09] [Server thread/INFO]: [PermissionsEx] Enabling PermissionsEx v1.20.4
[21:26:09] [Server thread/INFO]: [BarAPI] Enabling BarAPI v3.0
[21:26:09] [Server thread/INFO]: [BarAPI] Loaded
[21:26:09] [Server thread/INFO]: [CreateYourOwnMenus] Enabling CreateYourOwnMenus v0.5.6
[21:26:09] [Server thread/INFO]: [BossMessage] Enabling BossMessage v1.4
[21:26:09] [Server thread/INFO]: [Essentials] Enabling Essentials vPre2.13.1.2
[21:26:09] [Server thread/INFO]: Essentials: Using PermissionsEx based permissions.
[21:26:09] [Server thread/INFO]: [BossCommandScheduler] Enabling BossCommandScheduler v1.0
[21:26:09] [Server thread/INFO]: [BossBroadcast] Enabling BossBroadcast v1.1.3
[21:26:09] [Server thread/INFO]: Server permissions file permissions.yml is empty, ignoring it
[21:26:10] [Server thread/INFO]: Done (4.875s)! For help, type "help" or "?"
[21:26:19] [User Authenticator #1/INFO]: UUID of player 100persent is 03f6f09261544ce3b5daa62682c6f372
[21:26:19] [Server thread/INFO]: 100persent[/99.8.65.63:53062] logged in with entity id 121 at ([world] 297.8512432013762, 93.0, 220.31484741164692)
[21:26:25] [Netty IO #2/INFO]: <[0;31;22m100persent[m> Test[m
[21:26:30] [Server thread/INFO]: 100persent issued server command: /pex
[21:26:39] [Server thread/INFO]: 100persent issued server command: /pex user 100persent
[21:27:27] [Server thread/WARN]: Can't keep up! Did the system time change, or is the server overloaded? Running 2531ms behind, skipping 50 tick(s)
[21:27:38] [Server thread/INFO]: 100persent issued server command: /pex user
[21:27:46] [Netty IO #2/INFO]: <[0;31;22m100persent[m> Hello[m
[21:29:00] [Server thread/INFO]: 100persent issued server command: /reload
[21:29:00] [Server thread/INFO]: [BossBroadcast] Disabling BossBroadcast v1.1.3
[21:29:00] [Server thread/INFO]: [BossCommandScheduler] Disabling BossCommandScheduler v1.0
[21:29:00] [Server thread/INFO]: [Essentials] Disabling Essentials vPre2.13.1.2
[21:29:00] [Server thread/INFO]: [BossMessage] Disabling BossMessage v1.4
[21:29:00] [Server thread/INFO]: [CreateYourOwnMenus] Disabling CreateYourOwnMenus v0.5.6
[21:29:00] [Server thread/INFO]: [BarAPI] Disabling BarAPI v3.0
[21:29:00] [Server thread/INFO]: [PermissionsEx] Disabling PermissionsEx v1.20.4
[21:29:00] [Server thread/INFO]: Permissions file successfully reloaded
[21:29:00] [Server thread/INFO]: [AutoAnswer] Disabling AutoAnswer v1.2
[21:29:00] [Server thread/INFO]: [AutoAnswer] AutoAnswer Disabled!
[21:29:00] [Server thread/INFO]: [AdminCraft Panel] Disabling AdminCraft Panel v1.5
[21:29:00] [Server thread/INFO]: [BetterAlias] Disabling BetterAlias v1.4.2
[21:29:00] [Server thread/INFO]: [League of Minecraft] Disabling League of Minecraft v0.2
[21:29:00] [Server thread/INFO]: [PermissionsEx] sql backend registered!
[21:29:00] [Server thread/INFO]: [PermissionsEx] file backend registered!
[21:29:00] [Server thread/INFO]: While loading BossCommandScheduler (plugins/BossEventScheduler.jar) found old-data folder: plugins/BossEventScheduler next to the new one: plugins/BossCommandScheduler
[21:29:00] [Server thread/INFO]: [League of Minecraft] Loading League of Minecraft v0.2
[21:29:00] [Server thread/INFO]: [BetterAlias] Loading BetterAlias v1.4.2
[21:29:00] [Server thread/INFO]: [AdminCraft Panel] Loading AdminCraft Panel v1.5
[21:29:00] [Server thread/INFO]: [AutoAnswer] Loading AutoAnswer v1.2
[21:29:00] [Server thread/INFO]: [PermissionsEx] Loading PermissionsEx v1.20.4
[21:29:00] [Server thread/INFO]: [PermissionsEx] Initializing file backend
[21:29:00] [Server thread/INFO]: Permissions file successfully reloaded
[21:29:00] [Server thread/INFO]: [BarAPI] Loading BarAPI v3.0
[21:29:00] [Server thread/INFO]: [CreateYourOwnMenus] Loading CreateYourOwnMenus v0.5.6
[21:29:00] [Server thread/INFO]: [BossMessage] Loading BossMessage v1.4
[21:29:00] [Server thread/INFO]: [Essentials] Loading Essentials vPre2.13.1.2
[21:29:00] [Server thread/INFO]: [BossCommandScheduler] Loading BossCommandScheduler v1.0
[21:29:00] [Server thread/INFO]: [EssentialsChat] Loading EssentialsChat vPre2.13.1.2
[21:29:00] [Server thread/INFO]: [BossBroadcast] Loading BossBroadcast v1.1.3
[21:29:00] [Server thread/INFO]: [League of Minecraft] Enabling League of Minecraft v0.2
[21:29:00] [Server thread/INFO]: [BetterAlias] Enabling BetterAlias v1.4.2
[21:29:00] [Server thread/WARN]: [BetterAlias] No aliases found in aliases.yml
[21:29:00] [Server thread/INFO]: [AdminCraft Panel] Enabling AdminCraft Panel v1.5
[21:29:01] [Server thread/INFO]: [AdminCraft Panel] Login successful.
[21:29:01] [Server thread/INFO]: [AutoAnswer] Enabling AutoAnswer v1.2
[21:29:01] [Server thread/INFO]: [AutoAnswer] AutoAnswer Enabled!
[21:29:01] [Server thread/INFO]: [PermissionsEx] Enabling PermissionsEx v1.20.4
[21:29:01] [Server thread/INFO]: [BarAPI] Enabling BarAPI v3.0
[21:29:01] [Server thread/INFO]: [BarAPI] Loaded
[21:29:01] [Server thread/INFO]: [CreateYourOwnMenus] Enabling CreateYourOwnMenus v0.5.6
[21:29:01] [Server thread/INFO]: [BossMessage] Enabling BossMessage v1.4
[21:29:01] [Server thread/INFO]: [Essentials] Enabling Essentials vPre2.13.1.2
[21:29:01] [Server thread/INFO]: Essentials: Using PermissionsEx based permissions.
[21:29:01] [Server thread/INFO]: [BossCommandScheduler] Enabling BossCommandScheduler v1.0
[21:29:01] [Server thread/INFO]: [EssentialsChat] Enabling EssentialsChat vPre2.13.1.2
[21:29:01] [Server thread/INFO]: [BossBroadcast] Enabling BossBroadcast v1.1.3
[21:29:01] [Server thread/INFO]: Server permissions file permissions.yml is empty, ignoring it
[21:29:01] [Server thread/INFO]: 100persent: [0;32;1mReload complete.[m
[21:29:03] [Netty IO #2/INFO]: [m<[0;35;22m[Owner][0;31;22m100persent[m> Test[m
[21:29:23] [Server thread/INFO]: 100persent issued server command: /tps
[21:29:30] [Server thread/INFO]: 100persent issued server command: /tps
[21:29:32] [Server thread/INFO]: 100persent issued server command: /tps
[21:29:32] [Server thread/INFO]: 100persent issued server command: /tps
[21:29:32] [Server thread/INFO]: 100persent issued server command: /tps
[21:29:32] [Server thread/WARN]: Can't keep up! Did the system time change, or is the server overloaded? Running 2276ms behind, skipping 45 tick(s)
[21:30:51] [Server thread/WARN]: Can't keep up! Did the system time change, or is the server overloaded? Running 2353ms behind, skipping 47 tick(s)
[21:31:01] [Server thread/INFO]: 100persent issued server command: /clear
[21:31:15] [Server thread/WARN]: Can't keep up! Did the system time change, or is the server overloaded? Running 2099ms behind, skipping 41 tick(s)
[21:31:29] [Server thread/INFO]: 100persent issued server command: /tps
[21:31:34] [Server thread/INFO]: 100persent issued server command: /tps
[21:31:42] [Server thread/INFO]: 100persent lost connection: Internal Exception: java.io.IOException: Connection reset by peer
[21:31:42] [Server thread/INFO]: 100persent left the game.
[21:35:26] [User Authenticator #2/INFO]: UUID of player 100persent is 03f6f09261544ce3b5daa62682c6f372
[21:35:26] [Server thread/INFO]: 100persent[/99.8.65.63:58685] logged in with entity id 953 at ([world] 302.8746401099824, 93.0, 223.05013565477128)
[21:36:40] [Server thread/INFO]: Unknown command. Type "help" for help.[m
[21:36:44] [Server thread/INFO]: Permissions file successfully reloaded
[21:36:44] [Server thread/INFO]: [0;37;1mPermissions reloaded[m
[21:39:37] [Server thread/INFO]: 100persent issued server command: /tps
[21:40:27] [Server thread/WARN]: Can't keep up! Did the system time change, or is the server overloaded? Running 2019ms behind, skipping 40 tick(s)
[21:44:18] [Server thread/WARN]: Can't keep up! Did the system time change, or is the server overloaded? Running 2155ms behind, skipping 43 tick(s)
[21:45:09] [Server thread/WARN]: Can't keep up! Did the system time change, or is the server overloaded? Running 2384ms behind, skipping 47 tick(s)
[21:45:24] [Server thread/INFO]: 100persent issued server command: /tps
[21:45:27] [Server thread/INFO]: 100persent issued server command: /tps
[21:45:30] [Server thread/INFO]: 100persent issued server command: /tps
[21:45:30] [Server thread/INFO]: 100persent issued server command: /tps
[21:45:31] [Server thread/INFO]: 100persent issued server command: /tps
[21:45:34] [Server thread/INFO]: 100persent issued server command: /tpst
[21:45:34] [Server thread/INFO]: 100persent issued server command: /tpst
[21:45:34] [Server thread/WARN]: Can't keep up! Did the system time change, or is the server overloaded? Running 2220ms behind, skipping 44 tick(s)
[21:45:36] [Server thread/INFO]: 100persent issued server command: /tps
[21:45:40] [Server thread/INFO]: 100persent issued server command: /tps
[21:45:41] [Server thread/INFO]: 100persent issued server command: /tps
[21:45:41] [Server thread/INFO]: 100persent issued server command: /tps
[21:45:42] [Server thread/INFO]: 100persent issued server command: /tps
[21:45:43] [Server thread/INFO]: 100persent issued server command: /tps
[21:45:43] [Server thread/INFO]: 100persent issued server command: /tps
[21:45:45] [Server thread/INFO]: 100persent issued server command: /tps
[21:45:45] [Server thread/INFO]: 100persent issued server command: /tps
[21:45:45] [Server thread/INFO]: 100persent issued server command: /tps
[21:45:52] [Server thread/WARN]: Can't keep up! Did the system time change, or is the server overloaded? Running 2232ms behind, skipping 44 tick(s)
[21:49:28] [Server thread/WARN]: Can't keep up! Did the system time change, or is the server overloaded? Running 2126ms behind, skipping 42 tick(s)
[21:51:38] [Netty IO #4/INFO]: [m<[0;35;22m[Owner][0;31;22m100persent[m> Hello[m
[21:53:10] [Server thread/INFO]: 100persent issued server command: /save-all
[21:53:10] [Server thread/INFO]: 100persent: Forcing save..[m
[21:53:10] [Server thread/INFO]: 100persent: Save complete.[m
[21:53:25] [Server thread/WARN]: Can't keep up! Did the system time change, or is the server overloaded? Running 2410ms behind, skipping 48 tick(s)
[21:57:00] [Server thread/INFO]: 100persent issued server command: /time set night
[21:58:31] [Server thread/INFO]: 100persent issued server command: /save-all
[21:58:31] [Server thread/INFO]: 100persent: Forcing save..[m
[21:58:31] [Server thread/INFO]: 100persent: Save complete.[m
[21:59:01] [Server thread/WARN]: Can't keep up! Did the system time change, or is the server overloaded? Running 2092ms behind, skipping 41 tick(s)
[21:59:17] [Server thread/WARN]: Can't keep up! Did the system time change, or is the server overloaded? Running 2109ms behind, skipping 42 tick(s)
[21:59:56] [Server thread/WARN]: Can't keep up! Did the system time change, or is the server overloaded? Running 2306ms behind, skipping 46 tick(s)
[22:03:59] [Server thread/WARN]: Can't keep up! Did the system time change, or is the server overloaded? Running 2392ms behind, skipping 47 tick(s)
[22:04:33] [Server thread/WARN]: Can't keep up! Did the system time change, or is the server overloaded? Running 2350ms behind, skipping 47 tick(s)
[22:05:06] [Server thread/WARN]: Can't keep up! Did the system time change, or is the server overloaded? Running 2074ms behind, skipping 41 tick(s)
[22:06:25] [Server thread/INFO]: 100persent issued server command: /save-all
[22:06:25] [Server thread/INFO]: 100persent: Forcing save..[m
[22:06:25] [Server thread/INFO]: 100persent: Save complete.[m
[22:06:27] [Server thread/INFO]: 100persent issued server command: /stop
[22:06:27] [Server thread/INFO]: 100persent: Stopping the server..[m
[22:06:27] [Server thread/INFO]: Stopping server
[22:06:27] [Server thread/INFO]: [BossBroadcast] Disabling BossBroadcast v1.1.3
[22:06:27] [Server thread/INFO]: [EssentialsChat] Disabling EssentialsChat vPre2.13.1.2
[22:06:27] [Server thread/INFO]: [BossCommandScheduler] Disabling BossCommandScheduler v1.0
[22:06:27] [Server thread/INFO]: [Essentials] Disabling Essentials vPre2.13.1.2
[22:06:27] [Server thread/INFO]: [BossMessage] Disabling BossMessage v1.4
[22:06:27] [Server thread/INFO]: [CreateYourOwnMenus] Disabling CreateYourOwnMenus v0.5.6
[22:06:27] [Server thread/INFO]: [BarAPI] Disabling BarAPI v3.0
[22:06:27] [Server thread/INFO]: [PermissionsEx] Disabling PermissionsEx v1.20.4
[22:06:27] [Server thread/INFO]: Permissions file successfully reloaded
[22:06:27] [Server thread/INFO]: [AutoAnswer] Disabling AutoAnswer v1.2
[22:06:27] [Server thread/INFO]: [AutoAnswer] AutoAnswer Disabled!
[22:06:27] [Server thread/INFO]: [AdminCraft Panel] Disabling AdminCraft Panel v1.5
[22:06:27] [Server thread/INFO]: [BetterAlias] Disabling BetterAlias v1.4.2
[22:06:27] [Server thread/INFO]: [League of Minecraft] Disabling League of Minecraft v0.2
[22:06:27] [Server thread/INFO]: Saving players
[22:06:27] [Server thread/INFO]: 100persent lost connection: Server closed
[22:06:27] [Server thread/INFO]: 100persent left the game.
[22:06:27] [Server thread/INFO]: Saving worlds
[22:06:27] [Server thread/INFO]: Saving chunks for level 'world'/Overworld
[22:06:27] [Server thread/INFO]: Saving chunks for level 'world_nether'/Nether
[22:06:27] [Server thread/INFO]: Saving chunks for level 'world_the_end'/The End
[22:06:27] [Thread-4/INFO]: Stopping server
[22:06:27] [Thread-4/INFO]: Saving players
[22:06:27] [Thread-4/INFO]: Saving worlds
[22:06:27] [Thread-4/INFO]: Saving chunks for level 'world'/Overworld
